<?xml version="1.0" encoding="UTF-8"?>
<testng-results skipped="0" failed="0" ignored="0" total="2" passed="2">
  <reporter-output>
  </reporter-output>
  <suite name="Suite" duration-ms="39" started-at="2020-01-27T16:45:53 IST" finished-at="2020-01-27T16:45:53 IST">
    <groups>
    </groups>
    <test name="Test" duration-ms="39" started-at="2020-01-27T16:45:53 IST" finished-at="2020-01-27T16:45:53 IST">
      <class name="qaclickacademy.AppiumTest">
        <test-method status="PASS" signature="iosApp()[pri:0, instance:qaclickacademy.AppiumTest@589838eb]" name="iosApp" duration-ms="5" started-at="2020-01-27T16:45:53 IST" finished-at="2020-01-27T16:45:53 IST">
          <reporter-output>
          </reporter-output>
        </test-method> <!-- iosApp -->
        <test-method status="PASS" signature="nativeApp()[pri:0, instance:qaclickacademy.AppiumTest@589838eb]" name="nativeApp" duration-ms="0" started-at="2020-01-27T16:45:53 IST" finished-at="2020-01-27T16:45:53 IST">
          <reporter-output>
          </reporter-output>
        </test-method> <!-- nativeApp -->
      </class> <!-- qaclickacademy.AppiumTest -->
    </test> <!-- Test -->
  </suite> <!-- Suite -->
</testng-results>
