<?xml version="1.0" encoding="UTF-8"?>
<testng-results skipped="0" failed="0" ignored="0" total="2" passed="2">
  <reporter-output>
  </reporter-output>
  <suite name="Suite" duration-ms="54" started-at="2020-01-27T16:05:01 IST" finished-at="2020-01-27T16:05:01 IST">
    <groups>
    </groups>
    <test name="Test" duration-ms="54" started-at="2020-01-27T16:05:01 IST" finished-at="2020-01-27T16:05:01 IST">
      <class name="qaclickacademy.RESTAPITest">
        <test-method status="PASS" signature="deleteTwitter()[pri:0, instance:qaclickacademy.RESTAPITest@57855c9a]" name="deleteTwitter" duration-ms="7" started-at="2020-01-27T16:05:01 IST" finished-at="2020-01-27T16:05:01 IST">
          <reporter-output>
          </reporter-output>
        </test-method> <!-- deleteTwitter -->
        <test-method status="PASS" signature="postJira()[pri:0, instance:qaclickacademy.RESTAPITest@57855c9a]" name="postJira" duration-ms="0" started-at="2020-01-27T16:05:01 IST" finished-at="2020-01-27T16:05:01 IST">
          <reporter-output>
          </reporter-output>
        </test-method> <!-- postJira -->
      </class> <!-- qaclickacademy.RESTAPITest -->
    </test> <!-- Test -->
  </suite> <!-- Suite -->
</testng-results>
